<?xml version="1.0" encoding="UTF-8"?>
<testsuite hostname="AEZIONDEV10" name="Comgeneric.Imed.Imed.IMED_Test" tests="73" failures="0" timestamp="22 Feb 2018 05:05:08 GMT" time="39.823" errors="0">
  <testcase name="@AfterMethod Logout" time="0.0" classname="Comgeneric.Imed.Imed.IMED_Test">
    <failure type="org.openqa.selenium.WebDriverException" message="Failed to decode response from marionette
Build info: version: &amp;apos;3.7.1&amp;apos;, revision: &amp;apos;8a0099a&amp;apos;, time: &amp;apos;2017-11-06T21:01:39.354Z&amp;apos;
System info: host: &amp;apos;AEZIONDEV10&amp;apos;, ip: &amp;apos;192.168.30.83&amp;apos;, os.name: &amp;apos;Windows 8.1&amp;apos;, os.arch: &amp;apos;amd64&amp;apos;, os.version: &amp;apos;6.3&amp;apos;, java.version: &amp;apos;1.8.0_121&amp;apos;
Driver info: org.openqa.selenium.firefox.FirefoxDriver
Capabilities {acceptInsecureCerts: true, browserName: firefox, browserVersion: 57.0, javascriptEnabled: true, moz:accessibilityChecks: false, moz:headless: false, moz:processID: 5560, moz:profile: C:\Users\Aezion.Dev10\AppDa..., moz:webdriverClick: false, pageLoadStrategy: normal, platform: XP, platformName: XP, platformVersion: 6.3, rotatable: false, timeouts: {implicit: 0, pageLoad: 300000, script: 30000}}
Session ID: 41fca4e3-8212-4dfe-a6c6-b6f4430d4300
*** Element info: {Using=xpath, value=html/body/div[1]/div/div[2]/div/ul/li[3]/a/span}">
      <![CDATA[org.openqa.selenium.WebDriverException: Failed to decode response from marionette
Build info: version: '3.7.1', revision: '8a0099a', time: '2017-11-06T21:01:39.354Z'
System info: host: 'AEZIONDEV10', ip: '192.168.30.83', os.name: 'Windows 8.1', os.arch: 'amd64', os.version: '6.3', java.version: '1.8.0_121'
Driver info: org.openqa.selenium.firefox.FirefoxDriver
Capabilities {acceptInsecureCerts: true, browserName: firefox, browserVersion: 57.0, javascriptEnabled: true, moz:accessibilityChecks: false, moz:headless: false, moz:processID: 5560, moz:profile: C:\Users\Aezion.Dev10\AppDa..., moz:webdriverClick: false, pageLoadStrategy: normal, platform: XP, platformName: XP, platformVersion: 6.3, rotatable: false, timeouts: {implicit: 0, pageLoad: 300000, script: 30000}}
Session ID: 41fca4e3-8212-4dfe-a6c6-b6f4430d4300
*** Element info: {Using=xpath, value=html/body/div[1]/div/div[2]/div/ul/li[3]/a/span}
	at sun.reflect.NativeConstructorAccessorImpl.newInstance0(Native Method)
	at sun.reflect.NativeConstructorAccessorImpl.newInstance(Unknown Source)
	at sun.reflect.DelegatingConstructorAccessorImpl.newInstance(Unknown Source)
	at java.lang.reflect.Constructor.newInstance(Unknown Source)
	at org.openqa.selenium.remote.http.W3CHttpResponseCodec.createException(W3CHttpResponseCodec.java:187)
	at org.openqa.selenium.remote.http.W3CHttpResponseCodec.decode(W3CHttpResponseCodec.java:122)
	at org.openqa.selenium.remote.http.W3CHttpResponseCodec.decode(W3CHttpResponseCodec.java:49)
	at org.openqa.selenium.remote.HttpCommandExecutor.execute(HttpCommandExecutor.java:164)
	at org.openqa.selenium.remote.service.DriverCommandExecutor.execute(DriverCommandExecutor.java:83)
	at org.openqa.selenium.remote.RemoteWebDriver.execute(RemoteWebDriver.java:600)
	at org.openqa.selenium.remote.RemoteWebDriver.findElement(RemoteWebDriver.java:370)
	at org.openqa.selenium.remote.RemoteWebDriver.findElementByXPath(RemoteWebDriver.java:472)
	at org.openqa.selenium.By$ByXPath.findElement(By.java:361)
	at org.openqa.selenium.remote.RemoteWebDriver.findElement(RemoteWebDriver.java:362)
	at Comgeneric.Imed.Imed.IMED_Test.Logout(IMED_Test.java:3887)
	at sun.reflect.NativeMethodAccessorImpl.invoke0(Native Method)
	at sun.reflect.NativeMethodAccessorImpl.invoke(Unknown Source)
	at sun.reflect.DelegatingMethodAccessorImpl.invoke(Unknown Source)
	at java.lang.reflect.Method.invoke(Unknown Source)
	at org.testng.internal.MethodInvocationHelper.invokeMethod(MethodInvocationHelper.java:76)
	at org.testng.internal.Invoker.invokeConfigurationMethod(Invoker.java:525)
	at org.testng.internal.Invoker.invokeConfigurations(Invoker.java:202)
	at org.testng.internal.Invoker.invokeMethod(Invoker.java:757)
	at org.testng.internal.Invoker.invokeTestMethod(Invoker.java:846)
	at org.testng.internal.Invoker.invokeTestMethods(Invoker.java:1170)
	at org.testng.internal.TestMethodWorker.invokeTestMethods(TestMethodWorker.java:125)
	at org.testng.internal.TestMethodWorker.run(TestMethodWorker.java:109)
	at org.testng.TestRunner.runWorkers(TestRunner.java:1147)
	at org.testng.TestRunner.privateRun(TestRunner.java:749)
	at org.testng.TestRunner.run(TestRunner.java:600)
	at org.testng.SuiteRunner.runTest(SuiteRunner.java:317)
	at org.testng.SuiteRunner.runSequentially(SuiteRunner.java:312)
	at org.testng.SuiteRunner.privateRun(SuiteRunner.java:274)
	at org.testng.SuiteRunner.run(SuiteRunner.java:223)
	at org.testng.SuiteRunnerWorker.runSuite(SuiteRunnerWorker.java:52)
	at org.testng.SuiteRunnerWorker.run(SuiteRunnerWorker.java:86)
	at org.testng.TestNG.runSuitesSequentially(TestNG.java:1039)
	at org.testng.TestNG.runSuitesLocally(TestNG.java:964)
	at org.testng.TestNG.run(TestNG.java:900)
	at org.testng.remote.AbstractRemoteTestNG.run(AbstractRemoteTestNG.java:114)
	at org.testng.remote.RemoteTestNG.initAndRun(RemoteTestNG.java:251)
	at org.testng.remote.RemoteTestNG.main(RemoteTestNG.java:77)
]]>
    </failure>
  </testcase>
  <testcase name="@BeforeMethod LoginIMed" time="0.0" classname="Comgeneric.Imed.Imed.IMED_Test">
    <skipped/>
  </testcase>
  <testcase name="@AfterMethod Logout" time="0.0" classname="Comgeneric.Imed.Imed.IMED_Test">
    <skipped/>
  </testcase>
  <testcase name="@BeforeMethod LoginIMed" time="0.0" classname="Comgeneric.Imed.Imed.IMED_Test">
    <skipped/>
  </testcase>
  <testcase name="@AfterMethod Logout" time="0.0" classname="Comgeneric.Imed.Imed.IMED_Test">
    <skipped/>
  </testcase>
  <testcase name="@BeforeMethod LoginIMed" time="0.0" classname="Comgeneric.Imed.Imed.IMED_Test">
    <skipped/>
  </testcase>
  <testcase name="@AfterMethod Logout" time="0.0" classname="Comgeneric.Imed.Imed.IMED_Test">
    <skipped/>
  </testcase>
  <testcase name="@BeforeMethod LoginIMed" time="0.0" classname="Comgeneric.Imed.Imed.IMED_Test">
    <skipped/>
  </testcase>
  <testcase name="@AfterMethod Logout" time="0.0" classname="Comgeneric.Imed.Imed.IMED_Test">
    <skipped/>
  </testcase>
  <testcase name="@BeforeMethod LoginIMed" time="0.0" classname="Comgeneric.Imed.Imed.IMED_Test">
    <skipped/>
  </testcase>
  <testcase name="@AfterMethod Logout" time="0.0" classname="Comgeneric.Imed.Imed.IMED_Test">
    <skipped/>
  </testcase>
  <testcase name="@BeforeMethod LoginIMed" time="0.0" classname="Comgeneric.Imed.Imed.IMED_Test">
    <skipped/>
  </testcase>
  <testcase name="@AfterMethod Logout" time="0.0" classname="Comgeneric.Imed.Imed.IMED_Test">
    <skipped/>
  </testcase>
  <testcase name="@BeforeMethod LoginIMed" time="0.0" classname="Comgeneric.Imed.Imed.IMED_Test">
    <skipped/>
  </testcase>
  <testcase name="@AfterMethod Logout" time="0.0" classname="Comgeneric.Imed.Imed.IMED_Test">
    <skipped/>
  </testcase>
  <testcase name="@BeforeMethod LoginIMed" time="0.0" classname="Comgeneric.Imed.Imed.IMED_Test">
    <skipped/>
  </testcase>
  <testcase name="@AfterMethod Logout" time="0.0" classname="Comgeneric.Imed.Imed.IMED_Test">
    <skipped/>
  </testcase>
  <testcase name="@BeforeMethod LoginIMed" time="0.0" classname="Comgeneric.Imed.Imed.IMED_Test">
    <skipped/>
  </testcase>
  <testcase name="@AfterMethod Logout" time="0.0" classname="Comgeneric.Imed.Imed.IMED_Test">
    <skipped/>
  </testcase>
  <testcase name="@BeforeMethod LoginIMed" time="0.0" classname="Comgeneric.Imed.Imed.IMED_Test">
    <skipped/>
  </testcase>
  <testcase name="@AfterMethod Logout" time="0.0" classname="Comgeneric.Imed.Imed.IMED_Test">
    <skipped/>
  </testcase>
  <testcase name="@BeforeMethod LoginIMed" time="0.0" classname="Comgeneric.Imed.Imed.IMED_Test">
    <skipped/>
  </testcase>
  <testcase name="@AfterMethod Logout" time="0.0" classname="Comgeneric.Imed.Imed.IMED_Test">
    <skipped/>
  </testcase>
  <testcase name="@BeforeMethod LoginIMed" time="0.0" classname="Comgeneric.Imed.Imed.IMED_Test">
    <skipped/>
  </testcase>
  <testcase name="@AfterMethod Logout" time="0.0" classname="Comgeneric.Imed.Imed.IMED_Test">
    <skipped/>
  </testcase>
  <testcase name="@BeforeMethod LoginIMed" time="0.0" classname="Comgeneric.Imed.Imed.IMED_Test">
    <skipped/>
  </testcase>
  <testcase name="@AfterMethod Logout" time="0.0" classname="Comgeneric.Imed.Imed.IMED_Test">
    <skipped/>
  </testcase>
  <testcase name="@BeforeMethod LoginIMed" time="0.0" classname="Comgeneric.Imed.Imed.IMED_Test">
    <skipped/>
  </testcase>
  <testcase name="@AfterMethod Logout" time="0.0" classname="Comgeneric.Imed.Imed.IMED_Test">
    <skipped/>
  </testcase>
  <testcase name="@BeforeMethod LoginIMed" time="0.0" classname="Comgeneric.Imed.Imed.IMED_Test">
    <skipped/>
  </testcase>
  <testcase name="@AfterMethod Logout" time="0.0" classname="Comgeneric.Imed.Imed.IMED_Test">
    <skipped/>
  </testcase>
  <testcase name="@BeforeMethod LoginIMed" time="0.0" classname="Comgeneric.Imed.Imed.IMED_Test">
    <skipped/>
  </testcase>
  <testcase name="@AfterMethod Logout" time="0.0" classname="Comgeneric.Imed.Imed.IMED_Test">
    <skipped/>
  </testcase>
  <testcase name="@BeforeMethod LoginIMed" time="0.0" classname="Comgeneric.Imed.Imed.IMED_Test">
    <skipped/>
  </testcase>
  <testcase name="@AfterMethod Logout" time="0.0" classname="Comgeneric.Imed.Imed.IMED_Test">
    <skipped/>
  </testcase>
  <testcase name="@BeforeMethod LoginIMed" time="0.0" classname="Comgeneric.Imed.Imed.IMED_Test">
    <skipped/>
  </testcase>
  <testcase name="@AfterMethod Logout" time="0.0" classname="Comgeneric.Imed.Imed.IMED_Test">
    <skipped/>
  </testcase>
  <testcase name="@BeforeMethod LoginIMed" time="0.0" classname="Comgeneric.Imed.Imed.IMED_Test">
    <skipped/>
  </testcase>
  <testcase name="@AfterMethod Logout" time="0.0" classname="Comgeneric.Imed.Imed.IMED_Test">
    <skipped/>
  </testcase>
  <testcase name="@BeforeMethod LoginIMed" time="0.0" classname="Comgeneric.Imed.Imed.IMED_Test">
    <skipped/>
  </testcase>
  <testcase name="@AfterMethod Logout" time="0.0" classname="Comgeneric.Imed.Imed.IMED_Test">
    <skipped/>
  </testcase>
  <testcase name="@BeforeMethod LoginIMed" time="0.0" classname="Comgeneric.Imed.Imed.IMED_Test">
    <skipped/>
  </testcase>
  <testcase name="@AfterMethod Logout" time="0.0" classname="Comgeneric.Imed.Imed.IMED_Test">
    <skipped/>
  </testcase>
  <testcase name="@BeforeMethod LoginIMed" time="0.0" classname="Comgeneric.Imed.Imed.IMED_Test">
    <skipped/>
  </testcase>
  <testcase name="@AfterMethod Logout" time="0.0" classname="Comgeneric.Imed.Imed.IMED_Test">
    <skipped/>
  </testcase>
  <testcase name="@BeforeMethod LoginIMed" time="0.0" classname="Comgeneric.Imed.Imed.IMED_Test">
    <skipped/>
  </testcase>
  <testcase name="@AfterMethod Logout" time="0.0" classname="Comgeneric.Imed.Imed.IMED_Test">
    <skipped/>
  </testcase>
  <testcase name="@BeforeMethod LoginIMed" time="0.0" classname="Comgeneric.Imed.Imed.IMED_Test">
    <skipped/>
  </testcase>
  <testcase name="@AfterMethod Logout" time="0.0" classname="Comgeneric.Imed.Imed.IMED_Test">
    <skipped/>
  </testcase>
  <testcase name="@BeforeMethod LoginIMed" time="0.0" classname="Comgeneric.Imed.Imed.IMED_Test">
    <skipped/>
  </testcase>
  <testcase name="@AfterMethod Logout" time="0.0" classname="Comgeneric.Imed.Imed.IMED_Test">
    <skipped/>
  </testcase>
  <testcase name="@BeforeMethod LoginIMed" time="0.0" classname="Comgeneric.Imed.Imed.IMED_Test">
    <skipped/>
  </testcase>
  <testcase name="@AfterMethod Logout" time="0.0" classname="Comgeneric.Imed.Imed.IMED_Test">
    <skipped/>
  </testcase>
  <testcase name="@BeforeMethod LoginIMed" time="0.0" classname="Comgeneric.Imed.Imed.IMED_Test">
    <skipped/>
  </testcase>
  <testcase name="@AfterMethod Logout" time="0.0" classname="Comgeneric.Imed.Imed.IMED_Test">
    <skipped/>
  </testcase>
  <testcase name="@BeforeMethod LoginIMed" time="0.0" classname="Comgeneric.Imed.Imed.IMED_Test">
    <skipped/>
  </testcase>
  <testcase name="@AfterMethod Logout" time="0.0" classname="Comgeneric.Imed.Imed.IMED_Test">
    <skipped/>
  </testcase>
  <testcase name="@BeforeMethod LoginIMed" time="0.0" classname="Comgeneric.Imed.Imed.IMED_Test">
    <skipped/>
  </testcase>
  <testcase name="@AfterMethod Logout" time="0.0" classname="Comgeneric.Imed.Imed.IMED_Test">
    <skipped/>
  </testcase>
  <testcase name="@BeforeMethod LoginIMed" time="0.0" classname="Comgeneric.Imed.Imed.IMED_Test">
    <skipped/>
  </testcase>
  <testcase name="@AfterMethod Logout" time="0.0" classname="Comgeneric.Imed.Imed.IMED_Test">
    <skipped/>
  </testcase>
  <testcase name="@BeforeMethod LoginIMed" time="0.0" classname="Comgeneric.Imed.Imed.IMED_Test">
    <skipped/>
  </testcase>
  <testcase name="@AfterMethod Logout" time="0.0" classname="Comgeneric.Imed.Imed.IMED_Test">
    <skipped/>
  </testcase>
  <testcase name="@BeforeMethod LoginIMed" time="0.0" classname="Comgeneric.Imed.Imed.IMED_Test">
    <skipped/>
  </testcase>
  <testcase name="@AfterMethod Logout" time="0.0" classname="Comgeneric.Imed.Imed.IMED_Test">
    <skipped/>
  </testcase>
  <testcase name="@BeforeMethod LoginIMed" time="0.0" classname="Comgeneric.Imed.Imed.IMED_Test">
    <skipped/>
  </testcase>
  <testcase name="@AfterMethod Logout" time="0.0" classname="Comgeneric.Imed.Imed.IMED_Test">
    <skipped/>
  </testcase>
  <testcase name="@BeforeMethod LoginIMed" time="0.0" classname="Comgeneric.Imed.Imed.IMED_Test">
    <skipped/>
  </testcase>
  <testcase name="@AfterMethod Logout" time="0.0" classname="Comgeneric.Imed.Imed.IMED_Test">
    <skipped/>
  </testcase>
  <testcase name="@BeforeMethod LoginIMed" time="0.0" classname="Comgeneric.Imed.Imed.IMED_Test">
    <skipped/>
  </testcase>
  <testcase name="@AfterMethod Logout" time="0.0" classname="Comgeneric.Imed.Imed.IMED_Test">
    <skipped/>
  </testcase>
  <testcase name="@BeforeMethod LoginIMed" time="0.0" classname="Comgeneric.Imed.Imed.IMED_Test">
    <skipped/>
  </testcase>
  <testcase name="@AfterMethod Logout" time="0.0" classname="Comgeneric.Imed.Imed.IMED_Test">
    <skipped/>
  </testcase>
  <testcase name="@BeforeMethod LoginIMed" time="0.0" classname="Comgeneric.Imed.Imed.IMED_Test">
    <skipped/>
  </testcase>
  <testcase name="@AfterMethod Logout" time="0.0" classname="Comgeneric.Imed.Imed.IMED_Test">
    <skipped/>
  </testcase>
  <testcase name="@BeforeMethod LoginIMed" time="0.0" classname="Comgeneric.Imed.Imed.IMED_Test">
    <skipped/>
  </testcase>
  <testcase name="@AfterMethod Logout" time="0.0" classname="Comgeneric.Imed.Imed.IMED_Test">
    <skipped/>
  </testcase>
  <testcase name="@BeforeMethod LoginIMed" time="0.0" classname="Comgeneric.Imed.Imed.IMED_Test">
    <skipped/>
  </testcase>
  <testcase name="@AfterMethod Logout" time="0.0" classname="Comgeneric.Imed.Imed.IMED_Test">
    <skipped/>
  </testcase>
  <testcase name="@BeforeMethod LoginIMed" time="0.0" classname="Comgeneric.Imed.Imed.IMED_Test">
    <skipped/>
  </testcase>
  <testcase name="@AfterMethod Logout" time="0.0" classname="Comgeneric.Imed.Imed.IMED_Test">
    <skipped/>
  </testcase>
  <testcase name="@BeforeMethod LoginIMed" time="0.0" classname="Comgeneric.Imed.Imed.IMED_Test">
    <skipped/>
  </testcase>
  <testcase name="@AfterMethod Logout" time="0.0" classname="Comgeneric.Imed.Imed.IMED_Test">
    <skipped/>
  </testcase>
  <testcase name="@BeforeMethod LoginIMed" time="0.0" classname="Comgeneric.Imed.Imed.IMED_Test">
    <skipped/>
  </testcase>
  <testcase name="@AfterMethod Logout" time="0.0" classname="Comgeneric.Imed.Imed.IMED_Test">
    <skipped/>
  </testcase>
  <testcase name="@BeforeMethod LoginIMed" time="0.0" classname="Comgeneric.Imed.Imed.IMED_Test">
    <skipped/>
  </testcase>
  <testcase name="@AfterMethod Logout" time="0.0" classname="Comgeneric.Imed.Imed.IMED_Test">
    <skipped/>
  </testcase>
  <testcase name="@BeforeMethod LoginIMed" time="0.0" classname="Comgeneric.Imed.Imed.IMED_Test">
    <skipped/>
  </testcase>
  <testcase name="@AfterMethod Logout" time="0.0" classname="Comgeneric.Imed.Imed.IMED_Test">
    <skipped/>
  </testcase>
  <testcase name="@BeforeMethod LoginIMed" time="0.0" classname="Comgeneric.Imed.Imed.IMED_Test">
    <skipped/>
  </testcase>
  <testcase name="@AfterMethod Logout" time="0.0" classname="Comgeneric.Imed.Imed.IMED_Test">
    <skipped/>
  </testcase>
  <testcase name="@BeforeMethod LoginIMed" time="0.0" classname="Comgeneric.Imed.Imed.IMED_Test">
    <skipped/>
  </testcase>
  <testcase name="@AfterMethod Logout" time="0.0" classname="Comgeneric.Imed.Imed.IMED_Test">
    <skipped/>
  </testcase>
  <testcase name="@BeforeMethod LoginIMed" time="0.0" classname="Comgeneric.Imed.Imed.IMED_Test">
    <skipped/>
  </testcase>
  <testcase name="@AfterMethod Logout" time="0.0" classname="Comgeneric.Imed.Imed.IMED_Test">
    <skipped/>
  </testcase>
  <testcase name="@BeforeMethod LoginIMed" time="0.0" classname="Comgeneric.Imed.Imed.IMED_Test">
    <skipped/>
  </testcase>
  <testcase name="@AfterMethod Logout" time="0.0" classname="Comgeneric.Imed.Imed.IMED_Test">
    <skipped/>
  </testcase>
  <testcase name="@BeforeMethod LoginIMed" time="0.0" classname="Comgeneric.Imed.Imed.IMED_Test">
    <skipped/>
  </testcase>
  <testcase name="@AfterMethod Logout" time="0.0" classname="Comgeneric.Imed.Imed.IMED_Test">
    <skipped/>
  </testcase>
  <testcase name="@BeforeMethod LoginIMed" time="0.0" classname="Comgeneric.Imed.Imed.IMED_Test">
    <skipped/>
  </testcase>
  <testcase name="@AfterMethod Logout" time="0.0" classname="Comgeneric.Imed.Imed.IMED_Test">
    <skipped/>
  </testcase>
  <testcase name="@BeforeMethod LoginIMed" time="0.0" classname="Comgeneric.Imed.Imed.IMED_Test">
    <skipped/>
  </testcase>
  <testcase name="@AfterMethod Logout" time="0.0" classname="Comgeneric.Imed.Imed.IMED_Test">
    <skipped/>
  </testcase>
  <testcase name="@BeforeMethod LoginIMed" time="0.0" classname="Comgeneric.Imed.Imed.IMED_Test">
    <skipped/>
  </testcase>
  <testcase name="@AfterMethod Logout" time="0.0" classname="Comgeneric.Imed.Imed.IMED_Test">
    <skipped/>
  </testcase>
  <testcase name="@BeforeMethod LoginIMed" time="0.0" classname="Comgeneric.Imed.Imed.IMED_Test">
    <skipped/>
  </testcase>
  <testcase name="@AfterMethod Logout" time="0.0" classname="Comgeneric.Imed.Imed.IMED_Test">
    <skipped/>
  </testcase>
  <testcase name="@BeforeMethod LoginIMed" time="0.0" classname="Comgeneric.Imed.Imed.IMED_Test">
    <skipped/>
  </testcase>
  <testcase name="@AfterMethod Logout" time="0.0" classname="Comgeneric.Imed.Imed.IMED_Test">
    <skipped/>
  </testcase>
  <testcase name="@BeforeMethod LoginIMed" time="0.0" classname="Comgeneric.Imed.Imed.IMED_Test">
    <skipped/>
  </testcase>
  <testcase name="@AfterMethod Logout" time="0.0" classname="Comgeneric.Imed.Imed.IMED_Test">
    <skipped/>
  </testcase>
  <testcase name="@BeforeMethod LoginIMed" time="0.0" classname="Comgeneric.Imed.Imed.IMED_Test">
    <skipped/>
  </testcase>
  <testcase name="@AfterMethod Logout" time="0.0" classname="Comgeneric.Imed.Imed.IMED_Test">
    <skipped/>
  </testcase>
  <testcase name="@BeforeMethod LoginIMed" time="0.0" classname="Comgeneric.Imed.Imed.IMED_Test">
    <skipped/>
  </testcase>
  <testcase name="@AfterMethod Logout" time="0.0" classname="Comgeneric.Imed.Imed.IMED_Test">
    <skipped/>
  </testcase>
  <testcase name="@BeforeMethod LoginIMed" time="0.0" classname="Comgeneric.Imed.Imed.IMED_Test">
    <skipped/>
  </testcase>
  <testcase name="@AfterMethod Logout" time="0.0" classname="Comgeneric.Imed.Imed.IMED_Test">
    <skipped/>
  </testcase>
  <testcase name="@BeforeMethod LoginIMed" time="0.0" classname="Comgeneric.Imed.Imed.IMED_Test">
    <skipped/>
  </testcase>
  <testcase name="@AfterMethod Logout" time="0.0" classname="Comgeneric.Imed.Imed.IMED_Test">
    <skipped/>
  </testcase>
  <testcase name="@BeforeMethod LoginIMed" time="0.0" classname="Comgeneric.Imed.Imed.IMED_Test">
    <skipped/>
  </testcase>
  <testcase name="@AfterMethod Logout" time="0.0" classname="Comgeneric.Imed.Imed.IMED_Test">
    <skipped/>
  </testcase>
  <testcase name="@BeforeMethod LoginIMed" time="0.0" classname="Comgeneric.Imed.Imed.IMED_Test">
    <skipped/>
  </testcase>
  <testcase name="@AfterMethod Logout" time="0.0" classname="Comgeneric.Imed.Imed.IMED_Test">
    <skipped/>
  </testcase>
  <testcase name="@BeforeMethod LoginIMed" time="0.0" classname="Comgeneric.Imed.Imed.IMED_Test">
    <skipped/>
  </testcase>
  <testcase name="@AfterMethod Logout" time="0.0" classname="Comgeneric.Imed.Imed.IMED_Test">
    <skipped/>
  </testcase>
  <testcase name="@BeforeMethod LoginIMed" time="0.0" classname="Comgeneric.Imed.Imed.IMED_Test">
    <skipped/>
  </testcase>
  <testcase name="@AfterMethod Logout" time="0.0" classname="Comgeneric.Imed.Imed.IMED_Test">
    <skipped/>
  </testcase>
  <testcase name="@BeforeMethod LoginIMed" time="0.0" classname="Comgeneric.Imed.Imed.IMED_Test">
    <skipped/>
  </testcase>
  <testcase name="@AfterMethod Logout" time="0.0" classname="Comgeneric.Imed.Imed.IMED_Test">
    <skipped/>
  </testcase>
  <testcase name="@BeforeMethod LoginIMed" time="0.0" classname="Comgeneric.Imed.Imed.IMED_Test">
    <skipped/>
  </testcase>
  <testcase name="@AfterMethod Logout" time="0.0" classname="Comgeneric.Imed.Imed.IMED_Test">
    <skipped/>
  </testcase>
  <testcase name="@BeforeMethod LoginIMed" time="0.0" classname="Comgeneric.Imed.Imed.IMED_Test">
    <skipped/>
  </testcase>
  <testcase name="@AfterMethod Logout" time="0.0" classname="Comgeneric.Imed.Imed.IMED_Test">
    <skipped/>
  </testcase>
  <testcase name="@BeforeMethod LoginIMed" time="0.0" classname="Comgeneric.Imed.Imed.IMED_Test">
    <skipped/>
  </testcase>
  <testcase name="@AfterMethod Logout" time="0.0" classname="Comgeneric.Imed.Imed.IMED_Test">
    <skipped/>
  </testcase>
  <testcase name="@BeforeMethod LoginIMed" time="0.0" classname="Comgeneric.Imed.Imed.IMED_Test">
    <skipped/>
  </testcase>
  <testcase name="@AfterMethod Logout" time="0.0" classname="Comgeneric.Imed.Imed.IMED_Test">
    <skipped/>
  </testcase>
  <testcase name="@BeforeMethod LoginIMed" time="0.0" classname="Comgeneric.Imed.Imed.IMED_Test">
    <skipped/>
  </testcase>
  <testcase name="@AfterMethod Logout" time="0.0" classname="Comgeneric.Imed.Imed.IMED_Test">
    <skipped/>
  </testcase>
  <testcase name="@BeforeMethod LoginIMed" time="0.0" classname="Comgeneric.Imed.Imed.IMED_Test">
    <skipped/>
  </testcase>
  <testcase name="@AfterMethod Logout" time="0.0" classname="Comgeneric.Imed.Imed.IMED_Test">
    <skipped/>
  </testcase>
  <testcase name="@BeforeMethod LoginIMed" time="0.0" classname="Comgeneric.Imed.Imed.IMED_Test">
    <skipped/>
  </testcase>
  <testcase name="@AfterMethod Logout" time="0.0" classname="Comgeneric.Imed.Imed.IMED_Test">
    <skipped/>
  </testcase>
  <testcase name="@BeforeMethod LoginIMed" time="0.0" classname="Comgeneric.Imed.Imed.IMED_Test">
    <skipped/>
  </testcase>
  <testcase name="@AfterMethod Logout" time="0.0" classname="Comgeneric.Imed.Imed.IMED_Test">
    <skipped/>
  </testcase>
  <testcase name="@AfterClass Close" time="0.0" classname="Comgeneric.Imed.Imed.IMED_Test">
    <skipped/>
  </testcase>
  <testcase name="CustomerDashboard" time="10.525" classname="Comgeneric.Imed.Imed.IMED_Test"/>
  <testcase name="CustomerSearchBox" time="0.0" classname="Comgeneric.Imed.Imed.IMED_Test">
    <skipped/>
  </testcase>
  <testcase name="CreateNewCustomervalidation" time="0.015" classname="Comgeneric.Imed.Imed.IMED_Test">
    <skipped/>
  </testcase>
  <testcase name="CreateNewCustomer" time="0.0" classname="Comgeneric.Imed.Imed.IMED_Test">
    <skipped/>
  </testcase>
  <testcase name="CustomerADDAssetValidation" time="0.0" classname="Comgeneric.Imed.Imed.IMED_Test">
    <skipped/>
  </testcase>
  <testcase name="CustomerADDAsset" time="0.0" classname="Comgeneric.Imed.Imed.IMED_Test">
    <skipped/>
  </testcase>
  <testcase name="CustomerADDLocationValidations" time="0.0" classname="Comgeneric.Imed.Imed.IMED_Test">
    <skipped/>
  </testcase>
  <testcase name="CustomerADDLocation" time="0.0" classname="Comgeneric.Imed.Imed.IMED_Test">
    <skipped/>
  </testcase>
  <testcase name="CustomerADDWarehousevalidation" time="0.0" classname="Comgeneric.Imed.Imed.IMED_Test">
    <skipped/>
  </testcase>
  <testcase name="CustomerADDWareHouse" time="0.0" classname="Comgeneric.Imed.Imed.IMED_Test">
    <skipped/>
  </testcase>
  <testcase name="CustomerUser" time="0.0" classname="Comgeneric.Imed.Imed.IMED_Test">
    <skipped/>
  </testcase>
  <testcase name="EditCustomer" time="0.0" classname="Comgeneric.Imed.Imed.IMED_Test">
    <skipped/>
  </testcase>
  <testcase name="DelCustomer" time="0.0" classname="Comgeneric.Imed.Imed.IMED_Test">
    <skipped/>
  </testcase>
  <testcase name="SearchAsset" time="0.0" classname="Comgeneric.Imed.Imed.IMED_Test">
    <skipped/>
  </testcase>
  <testcase name="searchassetbydropdown" time="0.0" classname="Comgeneric.Imed.Imed.IMED_Test">
    <skipped/>
  </testcase>
  <testcase name="AddAssetvalidation" time="0.0" classname="Comgeneric.Imed.Imed.IMED_Test">
    <skipped/>
  </testcase>
  <testcase name="AddAsset" time="0.0" classname="Comgeneric.Imed.Imed.IMED_Test">
    <skipped/>
  </testcase>
  <testcase name="AssetHistory" time="0.0" classname="Comgeneric.Imed.Imed.IMED_Test">
    <skipped/>
  </testcase>
  <testcase name="AssetComments" time="0.015" classname="Comgeneric.Imed.Imed.IMED_Test">
    <skipped/>
  </testcase>
  <testcase name="AssetCheckWorkOrders" time="0.0" classname="Comgeneric.Imed.Imed.IMED_Test">
    <skipped/>
  </testcase>
  <testcase name="AssetDocuments" time="0.0" classname="Comgeneric.Imed.Imed.IMED_Test">
    <skipped/>
  </testcase>
  <testcase name="AssetsAttribute" time="0.016" classname="Comgeneric.Imed.Imed.IMED_Test">
    <skipped/>
  </testcase>
  <testcase name="AssetCheckINforSchedule" time="0.0" classname="Comgeneric.Imed.Imed.IMED_Test">
    <skipped/>
  </testcase>
  <testcase name="AssetCheckINforUNSchedule" time="0.0" classname="Comgeneric.Imed.Imed.IMED_Test">
    <skipped/>
  </testcase>
  <testcase name="WorkOrderviewAsset" time="0.0" classname="Comgeneric.Imed.Imed.IMED_Test">
    <skipped/>
  </testcase>
  <testcase name="WorkOrderCheckStatus" time="0.015" classname="Comgeneric.Imed.Imed.IMED_Test">
    <skipped/>
  </testcase>
  <testcase name="WorkOrderApprovedINRepair" time="0.0" classname="Comgeneric.Imed.Imed.IMED_Test">
    <skipped/>
  </testcase>
  <testcase name="WorkOrderShippedtoVendor" time="0.0" classname="Comgeneric.Imed.Imed.IMED_Test">
    <skipped/>
  </testcase>
  <testcase name="CheckInVender" time="0.0" classname="Comgeneric.Imed.Imed.IMED_Test">
    <skipped/>
  </testcase>
  <testcase name="WorkOrderComplete" time="0.0" classname="Comgeneric.Imed.Imed.IMED_Test">
    <skipped/>
  </testcase>
  <testcase name="Transit" time="0.0" classname="Comgeneric.Imed.Imed.IMED_Test">
    <skipped/>
  </testcase>
  <testcase name="EmployeeSearch" time="0.0" classname="Comgeneric.Imed.Imed.IMED_Test">
    <skipped/>
  </testcase>
  <testcase name="EmployeeSearchvalidation" time="0.0" classname="Comgeneric.Imed.Imed.IMED_Test">
    <skipped/>
  </testcase>
  <testcase name="AddEmployee" time="0.0" classname="Comgeneric.Imed.Imed.IMED_Test">
    <skipped/>
  </testcase>
  <testcase name="EmployeeEdit" time="0.0" classname="Comgeneric.Imed.Imed.IMED_Test">
    <skipped/>
  </testcase>
  <testcase name="DelEmployee" time="0.0" classname="Comgeneric.Imed.Imed.IMED_Test">
    <skipped/>
  </testcase>
  <testcase name="AdvancePartSearch" time="0.0" classname="Comgeneric.Imed.Imed.IMED_Test">
    <skipped/>
  </testcase>
  <testcase name="AdvancePartSearchvalidation" time="0.002" classname="Comgeneric.Imed.Imed.IMED_Test">
    <skipped/>
  </testcase>
  <testcase name="PartSearch" time="0.001" classname="Comgeneric.Imed.Imed.IMED_Test">
    <skipped/>
  </testcase>
  <testcase name="AddPartvalidation" time="0.006" classname="Comgeneric.Imed.Imed.IMED_Test">
    <skipped/>
  </testcase>
  <testcase name="AddPart" time="0.001" classname="Comgeneric.Imed.Imed.IMED_Test">
    <skipped/>
  </testcase>
  <testcase name="EditPart" time="0.0" classname="Comgeneric.Imed.Imed.IMED_Test">
    <skipped/>
  </testcase>
  <testcase name="DelParts" time="0.001" classname="Comgeneric.Imed.Imed.IMED_Test">
    <skipped/>
  </testcase>
  <testcase name="Report" time="0.001" classname="Comgeneric.Imed.Imed.IMED_Test">
    <skipped/>
  </testcase>
  <testcase name="ShippedReport" time="0.001" classname="Comgeneric.Imed.Imed.IMED_Test">
    <skipped/>
  </testcase>
  <testcase name="CompletedOrders" time="0.003" classname="Comgeneric.Imed.Imed.IMED_Test">
    <skipped/>
  </testcase>
  <testcase name="SettingMODELS" time="0.002" classname="Comgeneric.Imed.Imed.IMED_Test">
    <skipped/>
  </testcase>
  <testcase name="ModelChecklist" time="0.008" classname="Comgeneric.Imed.Imed.IMED_Test">
    <skipped/>
  </testcase>
  <testcase name="Modeldelete" time="0.003" classname="Comgeneric.Imed.Imed.IMED_Test">
    <skipped/>
  </testcase>
  <testcase name="SettingADDMANUFACTURES" time="0.001" classname="Comgeneric.Imed.Imed.IMED_Test">
    <skipped/>
  </testcase>
  <testcase name="SettingDeleteMANUFACTURES" time="0.001" classname="Comgeneric.Imed.Imed.IMED_Test">
    <skipped/>
  </testcase>
  <testcase name="Settingupdate" time="0.001" classname="Comgeneric.Imed.Imed.IMED_Test">
    <skipped/>
  </testcase>
  <testcase name="SettingADDAssetGroup" time="0.001" classname="Comgeneric.Imed.Imed.IMED_Test">
    <skipped/>
  </testcase>
  <testcase name="SettingAssetGroupDelete" time="0.001" classname="Comgeneric.Imed.Imed.IMED_Test">
    <skipped/>
  </testcase>
  <testcase name="SettingAssetGroup" time="0.0" classname="Comgeneric.Imed.Imed.IMED_Test">
    <skipped/>
  </testcase>
  <testcase name="SettingADDpartgroups" time="0.002" classname="Comgeneric.Imed.Imed.IMED_Test">
    <skipped/>
  </testcase>
  <testcase name="SettingPartgroupsDelete" time="0.001" classname="Comgeneric.Imed.Imed.IMED_Test">
    <skipped/>
  </testcase>
  <testcase name="PartGroupsupdate" time="0.002" classname="Comgeneric.Imed.Imed.IMED_Test">
    <skipped/>
  </testcase>
  <testcase name="SettingADDpartShelves" time="0.001" classname="Comgeneric.Imed.Imed.IMED_Test">
    <skipped/>
  </testcase>
  <testcase name="partShelvesupdate" time="0.001" classname="Comgeneric.Imed.Imed.IMED_Test">
    <skipped/>
  </testcase>
  <testcase name="SettingPartShelvesDelete" time="0.002" classname="Comgeneric.Imed.Imed.IMED_Test">
    <skipped/>
  </testcase>
  <testcase name="SettingWOTypeDelete" time="0.001" classname="Comgeneric.Imed.Imed.IMED_Test">
    <skipped/>
  </testcase>
  <testcase name="SettingADDWOType" time="0.001" classname="Comgeneric.Imed.Imed.IMED_Test">
    <skipped/>
  </testcase>
  <testcase name="SettingADDWOTypeupdate" time="0.001" classname="Comgeneric.Imed.Imed.IMED_Test">
    <skipped/>
  </testcase>
  <testcase name="SettingIssueTypeDelete" time="0.001" classname="Comgeneric.Imed.Imed.IMED_Test">
    <skipped/>
  </testcase>
  <testcase name="SettingADDIssueType" time="0.001" classname="Comgeneric.Imed.Imed.IMED_Test">
    <skipped/>
  </testcase>
  <testcase name="SettingIssueTypeUpdate" time="0.0" classname="Comgeneric.Imed.Imed.IMED_Test">
    <skipped/>
  </testcase>
  <testcase name="SettingAddVendor" time="0.001" classname="Comgeneric.Imed.Imed.IMED_Test">
    <skipped/>
  </testcase>
  <testcase name="SettingVendorupdate" time="0.002" classname="Comgeneric.Imed.Imed.IMED_Test">
    <skipped/>
  </testcase>
  <testcase name="SettingDeleteVendor" time="0.0" classname="Comgeneric.Imed.Imed.IMED_Test">
    <skipped/>
  </testcase>
  <testcase name="MyProfilefirstnamelastname" time="0.001" classname="Comgeneric.Imed.Imed.IMED_Test">
    <skipped/>
  </testcase>
  <testcase name="MyProfileSuccessmessage" time="0.001" classname="Comgeneric.Imed.Imed.IMED_Test">
    <skipped/>
  </testcase>
  <testcase name="MyProfilepicture" time="0.0" classname="Comgeneric.Imed.Imed.IMED_Test">
    <skipped/>
  </testcase>
</testsuite>
