<?xml version="1.0" encoding="UTF-8"?>
<testng-results skipped="13" failed="0" total="13" passed="0">
  <reporter-output>
  </reporter-output>
  <suite name="Comgeneric.Imed.Imed.IMED_Test" duration-ms="6369" started-at="2018-01-29T12:43:41Z" finished-at="2018-01-29T12:43:47Z">
    <groups>
    </groups>
    <test name="Command line test" duration-ms="6369" started-at="2018-01-29T12:43:41Z" finished-at="2018-01-29T12:43:47Z">
      <class name="Comgeneric.Imed.Imed.IMED_Test">
        <test-method status="PASS" signature="configBeforeclass()" name="configBeforeclass" is-config="true" duration-ms="6321" started-at="2018-01-29T12:43:41Z" finished-at="2018-01-29T12:43:47Z">
        </test-method>
        <test-method status="FAIL" signature="LoginIMed()" name="LoginIMed" is-config="true" duration-ms="0" started-at="2018-01-29T12:43:47Z" finished-at="2018-01-29T12:43:47Z">
          <exception class="java.lang.NoClassDefFoundError">
            <message>
              <![CDATA[org/apache/poi/xssf/usermodel/XSSFWorkbook]]>
            </message>
            <full-stacktrace>
              <![CDATA[java.lang.NoClassDefFoundError: org/apache/poi/xssf/usermodel/XSSFWorkbook
	at Comgeneric.Imed.Imed.Login.loginToIMED(Login.java:53)
	at Comgeneric.Imed.Imed.IMED_Test.LoginIMed(IMED_Test.java:64)
	at sun.reflect.NativeMethodAccessorImpl.invoke0(Native Method)
	at sun.reflect.NativeMethodAccessorImpl.invoke(Unknown Source)
	at sun.reflect.DelegatingMethodAccessorImpl.invoke(Unknown Source)
	at java.lang.reflect.Method.invoke(Unknown Source)
	at org.testng.internal.MethodInvocationHelper.invokeMethod(MethodInvocationHelper.java:76)
	at org.testng.internal.Invoker.invokeConfigurationMethod(Invoker.java:525)
	at org.testng.internal.Invoker.invokeConfigurations(Invoker.java:202)
	at org.testng.internal.Invoker.invokeMethod(Invoker.java:613)
	at org.testng.internal.Invoker.invokeTestMethod(Invoker.java:846)
	at org.testng.internal.Invoker.invokeTestMethods(Invoker.java:1170)
	at org.testng.internal.TestMethodWorker.invokeTestMethods(TestMethodWorker.java:125)
	at org.testng.internal.TestMethodWorker.run(TestMethodWorker.java:109)
	at org.testng.TestRunner.runWorkers(TestRunner.java:1147)
	at org.testng.TestRunner.privateRun(TestRunner.java:749)
	at org.testng.TestRunner.run(TestRunner.java:600)
	at org.testng.SuiteRunner.runTest(SuiteRunner.java:317)
	at org.testng.SuiteRunner.runSequentially(SuiteRunner.java:312)
	at org.testng.SuiteRunner.privateRun(SuiteRunner.java:274)
	at org.testng.SuiteRunner.run(SuiteRunner.java:223)
	at org.testng.SuiteRunnerWorker.runSuite(SuiteRunnerWorker.java:52)
	at org.testng.SuiteRunnerWorker.run(SuiteRunnerWorker.java:86)
	at org.testng.TestNG.runSuitesSequentially(TestNG.java:1039)
	at org.testng.TestNG.runSuitesLocally(TestNG.java:964)
	at org.testng.TestNG.run(TestNG.java:900)
	at org.apache.maven.surefire.testng.TestNGExecutor.run(TestNGExecutor.java:77)
	at org.apache.maven.surefire.testng.TestNGDirectoryTestSuite.execute(TestNGDirectoryTestSuite.java:110)
	at org.apache.maven.surefire.testng.TestNGProvider.invoke(TestNGProvider.java:106)
	at sun.reflect.NativeMethodAccessorImpl.invoke0(Native Method)
	at sun.reflect.NativeMethodAccessorImpl.invoke(Unknown Source)
	at sun.reflect.DelegatingMethodAccessorImpl.invoke(Unknown Source)
	at java.lang.reflect.Method.invoke(Unknown Source)
	at org.apache.maven.surefire.util.ReflectionUtils.invokeMethodWithArray(ReflectionUtils.java:189)
	at org.apache.maven.surefire.booter.ProviderFactory$ProviderProxy.invoke(ProviderFactory.java:165)
	at org.apache.maven.surefire.booter.ProviderFactory.invokeProvider(ProviderFactory.java:85)
	at org.apache.maven.surefire.booter.ForkedBooter.runSuitesInProcess(ForkedBooter.java:115)
	at org.apache.maven.surefire.booter.ForkedBooter.main(ForkedBooter.java:75)
Caused by: java.lang.ClassNotFoundException: org.apache.poi.xssf.usermodel.XSSFWorkbook
	at java.net.URLClassLoader.findClass(Unknown Source)
	at java.lang.ClassLoader.loadClass(Unknown Source)
	at sun.misc.Launcher$AppClassLoader.loadClass(Unknown Source)
	at java.lang.ClassLoader.loadClass(Unknown Source)
	... 38 more
]]>
            </full-stacktrace>
          </exception>
        </test-method>
        <test-method status="SKIP" signature="CustomerDashboard()" name="CustomerDashboard" duration-ms="2" started-at="2018-01-29T12:43:47Z" finished-at="2018-01-29T12:43:47Z">
        </test-method>
        <test-method status="SKIP" signature="Logout()" name="Logout" is-config="true" duration-ms="0" started-at="2018-01-29T12:43:47Z" finished-at="2018-01-29T12:43:47Z">
        </test-method>
        <test-method status="SKIP" signature="CustomerSearchBox()" name="CustomerSearchBox" duration-ms="0" started-at="2018-01-29T12:43:47Z" finished-at="2018-01-29T12:43:47Z">
        </test-method>
        <test-method status="SKIP" signature="LoginIMed()" name="LoginIMed" is-config="true" duration-ms="0" started-at="2018-01-29T12:43:47Z" finished-at="2018-01-29T12:43:47Z">
        </test-method>
        <test-method status="SKIP" signature="Logout()" name="Logout" is-config="true" duration-ms="0" started-at="2018-01-29T12:43:47Z" finished-at="2018-01-29T12:43:47Z">
        </test-method>
        <test-method status="SKIP" signature="Logout()" name="Logout" is-config="true" duration-ms="0" started-at="2018-01-29T12:43:47Z" finished-at="2018-01-29T12:43:47Z">
        </test-method>
        <test-method status="SKIP" signature="LoginIMed()" name="LoginIMed" is-config="true" duration-ms="0" started-at="2018-01-29T12:43:47Z" finished-at="2018-01-29T12:43:47Z">
        </test-method>
        <test-method status="SKIP" signature="CreateNewCustomervalidation()" name="CreateNewCustomervalidation" duration-ms="0" started-at="2018-01-29T12:43:47Z" finished-at="2018-01-29T12:43:47Z">
        </test-method>
        <test-method status="SKIP" signature="CreateNewCustomer()" name="CreateNewCustomer" duration-ms="0" started-at="2018-01-29T12:43:47Z" finished-at="2018-01-29T12:43:47Z">
        </test-method>
        <test-method status="SKIP" signature="Logout()" name="Logout" is-config="true" duration-ms="0" started-at="2018-01-29T12:43:47Z" finished-at="2018-01-29T12:43:47Z">
        </test-method>
        <test-method status="SKIP" signature="LoginIMed()" name="LoginIMed" is-config="true" duration-ms="0" started-at="2018-01-29T12:43:47Z" finished-at="2018-01-29T12:43:47Z">
        </test-method>
        <test-method status="SKIP" signature="LoginIMed()" name="LoginIMed" is-config="true" duration-ms="0" started-at="2018-01-29T12:43:47Z" finished-at="2018-01-29T12:43:47Z">
        </test-method>
        <test-method status="SKIP" signature="CustomerADDAssetValidation()" name="CustomerADDAssetValidation" duration-ms="1" started-at="2018-01-29T12:43:47Z" finished-at="2018-01-29T12:43:47Z">
        </test-method>
        <test-method status="SKIP" signature="LoginIMed()" name="LoginIMed" is-config="true" duration-ms="0" started-at="2018-01-29T12:43:47Z" finished-at="2018-01-29T12:43:47Z">
        </test-method>
        <test-method status="SKIP" signature="CustomerADDAsset()" name="CustomerADDAsset" duration-ms="0" started-at="2018-01-29T12:43:47Z" finished-at="2018-01-29T12:43:47Z">
        </test-method>
        <test-method status="SKIP" signature="Logout()" name="Logout" is-config="true" duration-ms="0" started-at="2018-01-29T12:43:47Z" finished-at="2018-01-29T12:43:47Z">
        </test-method>
        <test-method status="SKIP" signature="CustomerADDLocationValidations()" name="CustomerADDLocationValidations" duration-ms="0" started-at="2018-01-29T12:43:47Z" finished-at="2018-01-29T12:43:47Z">
        </test-method>
        <test-method status="SKIP" signature="Logout()" name="Logout" is-config="true" duration-ms="0" started-at="2018-01-29T12:43:47Z" finished-at="2018-01-29T12:43:47Z">
        </test-method>
        <test-method status="SKIP" signature="LoginIMed()" name="LoginIMed" is-config="true" duration-ms="0" started-at="2018-01-29T12:43:47Z" finished-at="2018-01-29T12:43:47Z">
        </test-method>
        <test-method status="SKIP" signature="Logout()" name="Logout" is-config="true" duration-ms="0" started-at="2018-01-29T12:43:47Z" finished-at="2018-01-29T12:43:47Z">
        </test-method>
        <test-method status="SKIP" signature="LoginIMed()" name="LoginIMed" is-config="true" duration-ms="0" started-at="2018-01-29T12:43:47Z" finished-at="2018-01-29T12:43:47Z">
        </test-method>
        <test-method status="SKIP" signature="CustomerADDLocation()" name="CustomerADDLocation" duration-ms="1" started-at="2018-01-29T12:43:47Z" finished-at="2018-01-29T12:43:47Z">
        </test-method>
        <test-method status="SKIP" signature="Logout()" name="Logout" is-config="true" duration-ms="0" started-at="2018-01-29T12:43:47Z" finished-at="2018-01-29T12:43:47Z">
        </test-method>
        <test-method status="SKIP" signature="Logout()" name="Logout" is-config="true" duration-ms="0" started-at="2018-01-29T12:43:47Z" finished-at="2018-01-29T12:43:47Z">
        </test-method>
        <test-method status="SKIP" signature="LoginIMed()" name="LoginIMed" is-config="true" duration-ms="0" started-at="2018-01-29T12:43:47Z" finished-at="2018-01-29T12:43:47Z">
        </test-method>
        <test-method status="SKIP" signature="CustomerADDWarehousevalidation()" name="CustomerADDWarehousevalidation" duration-ms="0" started-at="2018-01-29T12:43:47Z" finished-at="2018-01-29T12:43:47Z">
        </test-method>
        <test-method status="SKIP" signature="Logout()" name="Logout" is-config="true" duration-ms="0" started-at="2018-01-29T12:43:47Z" finished-at="2018-01-29T12:43:47Z">
        </test-method>
        <test-method status="SKIP" signature="CustomerADDWareHouse()" name="CustomerADDWareHouse" duration-ms="0" started-at="2018-01-29T12:43:47Z" finished-at="2018-01-29T12:43:47Z">
        </test-method>
        <test-method status="SKIP" signature="LoginIMed()" name="LoginIMed" is-config="true" duration-ms="0" started-at="2018-01-29T12:43:47Z" finished-at="2018-01-29T12:43:47Z">
        </test-method>
        <test-method status="SKIP" signature="Logout()" name="Logout" is-config="true" duration-ms="0" started-at="2018-01-29T12:43:47Z" finished-at="2018-01-29T12:43:47Z">
        </test-method>
        <test-method status="SKIP" signature="LoginIMed()" name="LoginIMed" is-config="true" duration-ms="0" started-at="2018-01-29T12:43:47Z" finished-at="2018-01-29T12:43:47Z">
        </test-method>
        <test-method status="SKIP" signature="CustomerUser()" name="CustomerUser" duration-ms="0" started-at="2018-01-29T12:43:47Z" finished-at="2018-01-29T12:43:47Z">
        </test-method>
        <test-method status="SKIP" signature="LoginIMed()" name="LoginIMed" is-config="true" duration-ms="0" started-at="2018-01-29T12:43:47Z" finished-at="2018-01-29T12:43:47Z">
        </test-method>
        <test-method status="SKIP" signature="LoginIMed()" name="LoginIMed" is-config="true" duration-ms="0" started-at="2018-01-29T12:43:47Z" finished-at="2018-01-29T12:43:47Z">
        </test-method>
        <test-method status="SKIP" signature="EditCustomer()" name="EditCustomer" duration-ms="0" started-at="2018-01-29T12:43:47Z" finished-at="2018-01-29T12:43:47Z">
        </test-method>
        <test-method status="SKIP" signature="Logout()" name="Logout" is-config="true" duration-ms="0" started-at="2018-01-29T12:43:47Z" finished-at="2018-01-29T12:43:47Z">
        </test-method>
        <test-method status="SKIP" signature="Logout()" name="Logout" is-config="true" duration-ms="0" started-at="2018-01-29T12:43:47Z" finished-at="2018-01-29T12:43:47Z">
        </test-method>
        <test-method status="SKIP" signature="DelCustomer()" name="DelCustomer" duration-ms="0" started-at="2018-01-29T12:43:47Z" finished-at="2018-01-29T12:43:47Z">
        </test-method>
        <test-method status="SKIP" signature="Close()" name="Close" is-config="true" duration-ms="0" started-at="2018-01-29T12:43:47Z" finished-at="2018-01-29T12:43:47Z">
        </test-method>
      </class>
    </test>
  </suite>
</testng-results>
