<?xml version="1.0" encoding="UTF-8" ?>
<testsuite tests="40" failures="1" name="Comgeneric.Imed.Imed.IMED_Test" time="8.504" errors="0" skipped="39">
  <properties>
[...]
</properties>
  <testcase classname="Comgeneric.Imed.Imed.IMED_Test" name="LoginIMed" time="8.46">
    <failure message="org/apache/poi/xssf/usermodel/XSSFWorkbook" type="java.lang.NoClassDefFoundError">java.lang.NoClassDefFoundError: org/apache/poi/xssf/usermodel/XSSFWorkbook
	at Comgeneric.Imed.Imed.Login.loginToIMED(Login.java:53)
	at Comgeneric.Imed.Imed.IMED_Test.LoginIMed(IMED_Test.java:64)
Caused by: java.lang.ClassNotFoundException: org.apache.poi.xssf.usermodel.XSSFWorkbook
	at java.net.URLClassLoader.findClass(Unknown Source)
	at java.lang.ClassLoader.loadClass(Unknown Source)
	at sun.misc.Launcher$AppClassLoader.loadClass(Unknown Source)
	at java.lang.ClassLoader.loadClass(Unknown Source)
	... 38 more
</failure>
    <system-out>Configuring TestNG with: org.apache.maven.surefire.testng.conf.TestNGMapConfigurator@2328c243
</system-out>
    <system-err>1517210022477	geckodriver	INFO	geckodriver 0.19.1
1517210022492	geckodriver	INFO	Listening on 127.0.0.1:41494
1517210023247	mozrunner::runner	INFO	Running command: &quot;C:\\Program Files\\Mozilla Firefox\\firefox.exe&quot; &quot;-marionette&quot; &quot;-profile&quot; &quot;C:\\Users\\AEZION~1.DEV\\AppData\\Local\\Temp\\rust_mozprofile.bMOk8W3Q0aUA&quot;
1517210024629	Marionette	INFO	Enabled via --marionette
Unable to read VR Path Registry from C:\Users\Aezion.Dev10\AppData\Local\openvr\openvrpaths.vrpath
[Child 28796, Chrome_ChildThread] WARNING: pipe error: 109: file z:/build/build/src/ipc/chromium/src/chrome/common/ipc_channel_win.cc, line 346
[Child 28796, Chrome_ChildThread] WARNING: pipe error: 109: file z:/build/build/src/ipc/chromium/src/chrome/common/ipc_channel_win.cc, line 346
1517210027164	Marionette	INFO	Listening on port 64235
1517210027391	Marionette	WARN	TLS certificate errors will be ignored for this session
1517210027501	Marionette	DEBUG	Register listener.js for window 4294967297
Jan 29, 2018 12:43:47 PM org.openqa.selenium.remote.ProtocolHandshake createSession
INFO: Detected dialect: W3C
</system-err>
  </testcase>
  <testcase classname="Comgeneric.Imed.Imed.IMED_Test" name="CustomerDashboard" time="0">
    <skipped/>
  </testcase>
  <testcase classname="Comgeneric.Imed.Imed.IMED_Test" name="Logout" time="0.008">
    <skipped/>
  </testcase>
  <testcase classname="Comgeneric.Imed.Imed.IMED_Test" name="LoginIMed" time="0.01">
    <skipped/>
  </testcase>
  <testcase classname="Comgeneric.Imed.Imed.IMED_Test" name="CustomerSearchBox" time="0">
    <skipped/>
  </testcase>
  <testcase classname="Comgeneric.Imed.Imed.IMED_Test" name="Logout" time="0">
    <skipped/>
  </testcase>
  <testcase classname="Comgeneric.Imed.Imed.IMED_Test" name="LoginIMed" time="0.001">
    <skipped/>
  </testcase>
  <testcase classname="Comgeneric.Imed.Imed.IMED_Test" name="CreateNewCustomervalidation" time="0.004">
    <skipped/>
  </testcase>
  <testcase classname="Comgeneric.Imed.Imed.IMED_Test" name="Logout" time="0.004">
    <skipped/>
  </testcase>
  <testcase classname="Comgeneric.Imed.Imed.IMED_Test" name="LoginIMed" time="0.004">
    <skipped/>
  </testcase>
  <testcase classname="Comgeneric.Imed.Imed.IMED_Test" name="CreateNewCustomer" time="0">
    <skipped/>
  </testcase>
  <testcase classname="Comgeneric.Imed.Imed.IMED_Test" name="Logout" time="0">
    <skipped/>
  </testcase>
  <testcase classname="Comgeneric.Imed.Imed.IMED_Test" name="LoginIMed" time="0">
    <skipped/>
  </testcase>
  <testcase classname="Comgeneric.Imed.Imed.IMED_Test" name="CustomerADDAssetValidation" time="0.001">
    <skipped/>
  </testcase>
  <testcase classname="Comgeneric.Imed.Imed.IMED_Test" name="Logout" time="0.001">
    <skipped/>
  </testcase>
  <testcase classname="Comgeneric.Imed.Imed.IMED_Test" name="LoginIMed" time="0.001">
    <skipped/>
  </testcase>
  <testcase classname="Comgeneric.Imed.Imed.IMED_Test" name="CustomerADDAsset" time="0">
    <skipped/>
  </testcase>
  <testcase classname="Comgeneric.Imed.Imed.IMED_Test" name="Logout" time="0">
    <skipped/>
  </testcase>
  <testcase classname="Comgeneric.Imed.Imed.IMED_Test" name="LoginIMed" time="0">
    <skipped/>
  </testcase>
  <testcase classname="Comgeneric.Imed.Imed.IMED_Test" name="CustomerADDLocationValidations" time="0">
    <skipped/>
  </testcase>
  <testcase classname="Comgeneric.Imed.Imed.IMED_Test" name="Logout" time="0.001">
    <skipped/>
  </testcase>
  <testcase classname="Comgeneric.Imed.Imed.IMED_Test" name="LoginIMed" time="0.001">
    <skipped/>
  </testcase>
  <testcase classname="Comgeneric.Imed.Imed.IMED_Test" name="CustomerADDLocation" time="0">
    <skipped/>
  </testcase>
  <testcase classname="Comgeneric.Imed.Imed.IMED_Test" name="Logout" time="0.001">
    <skipped/>
  </testcase>
  <testcase classname="Comgeneric.Imed.Imed.IMED_Test" name="LoginIMed" time="0.001">
    <skipped/>
  </testcase>
  <testcase classname="Comgeneric.Imed.Imed.IMED_Test" name="CustomerADDWarehousevalidation" time="0">
    <skipped/>
  </testcase>
  <testcase classname="Comgeneric.Imed.Imed.IMED_Test" name="Logout" time="0.001">
    <skipped/>
  </testcase>
  <testcase classname="Comgeneric.Imed.Imed.IMED_Test" name="LoginIMed" time="0.001">
    <skipped/>
  </testcase>
  <testcase classname="Comgeneric.Imed.Imed.IMED_Test" name="CustomerADDWareHouse" time="0">
    <skipped/>
  </testcase>
  <testcase classname="Comgeneric.Imed.Imed.IMED_Test" name="Logout" time="0">
    <skipped/>
  </testcase>
  <testcase classname="Comgeneric.Imed.Imed.IMED_Test" name="LoginIMed" time="0.001">
    <skipped/>
  </testcase>
  <testcase classname="Comgeneric.Imed.Imed.IMED_Test" name="CustomerUser" time="0">
    <skipped/>
  </testcase>
  <testcase classname="Comgeneric.Imed.Imed.IMED_Test" name="Logout" time="0">
    <skipped/>
  </testcase>
  <testcase classname="Comgeneric.Imed.Imed.IMED_Test" name="LoginIMed" time="0.001">
    <skipped/>
  </testcase>
  <testcase classname="Comgeneric.Imed.Imed.IMED_Test" name="EditCustomer" time="0">
    <skipped/>
  </testcase>
  <testcase classname="Comgeneric.Imed.Imed.IMED_Test" name="Logout" time="0">
    <skipped/>
  </testcase>
  <testcase classname="Comgeneric.Imed.Imed.IMED_Test" name="LoginIMed" time="0.001">
    <skipped/>
  </testcase>
  <testcase classname="Comgeneric.Imed.Imed.IMED_Test" name="DelCustomer" time="0">
    <skipped/>
  </testcase>
  <testcase classname="Comgeneric.Imed.Imed.IMED_Test" name="Logout" time="0">
    <skipped/>
  </testcase>
  <testcase classname="Comgeneric.Imed.Imed.IMED_Test" name="Close" time="0.001">
    <skipped/>
  </testcase>
</testsuite>